Charm++> Running on MPI version: 3.1
Charm++> level of thread support used: MPI_THREAD_SINGLE (desired: MPI_THREAD_SINGLE)
Charm++> Running in non-SMP mode: 144 processes (PEs)
Charm++> Using recursive bisection (scheme 3) for topology aware partitions
Converse/Charm++ Commit ID: v6.10.2-0-g7bf00fa-namd-charm-6.10.2-build-2020-Aug-05-556
Warning> Randomization of virtual memory (ASLR) is turned on in the kernel, thread migration may not work! Run 'echo 0 > /proc/sys/kernel/randomize_va_space' as root to disable it, or try running with '+isomalloc_sync'.
CharmLB> Load balancer assumes all CPUs are same.
Charm++> Running on 6 hosts (2 sockets x 12 cores x 1 PUs = 24-way SMP)
Charm++> cpu topology info is gathered in 0.070 seconds.
Info: NAMD 2.14 for Linux-x86_64-MPI
Info: 
Info: Please visit http://www.ks.uiuc.edu/Research/namd/
Info: for updates, documentation, and support information.
Info: 
Info: Please cite Phillips et al., J. Chem. Phys. 153:044130 (2020) doi:10.1063/5.0014475
Info: in all publications reporting results obtained with NAMD.
Info: 
Info: Based on Charm++/Converse 61002 for mpi-linux-x86_64-mpicxx
Info: Built Tue 20 Apr 15:55:42 BST 2021 by scarf489 on cn276.scarf.rl.ac.uk
Info: 1 NAMD  2.14  Linux-x86_64-MPI  144    cn586.scarf.rl.ac.uk  scarf1123
Info: Running on 144 processors, 144 nodes, 6 physical nodes.
Info: CPU topology information available.
Info: Charm++/Converse parallel runtime startup completed at 0.095253 s
Info: 368.934 MB of memory in use based on /proc/self/stat
Info: Configuration file is dppc-p1.conf
Info: Working in the current directory /work4/scd/scarf1123/shawl5test
TCL: Suspending until startup complete.
Info: EXTENDED SYSTEM FILE   04.restart.xsc
Info: SIMULATION PARAMETERS:
Info: TIMESTEP               2
Info: NUMBER OF STEPS        0
Info: STEPS PER CYCLE        20
Info: PERIODIC CELL BASIS 1  76.4399 0 0
Info: PERIODIC CELL BASIS 2  0 75.9376 0
Info: PERIODIC CELL BASIS 3  0 0 82.4353
Info: PERIODIC CELL CENTER   -0.13 -0.15 -0.05
Info: WRAPPING WATERS AROUND PERIODIC BOUNDARIES ON OUTPUT.
Info: WRAPPING ALL CLUSTERS AROUND PERIODIC BOUNDARIES ON OUTPUT.
Info: LOAD BALANCER  Centralized
Info: LOAD BALANCING STRATEGY  New Load Balancers -- DEFAULT
Info: LDB PERIOD             4000 steps
Info: FIRST LDB TIMESTEP     100
Info: LAST LDB TIMESTEP     -1
Info: LDB BACKGROUND SCALING 1
Info: HOM BACKGROUND SCALING 1
Info: PME BACKGROUND SCALING 1
Info: REMOVING LOAD FROM NODE 0
Info: REMOVING PATCHES FROM PROCESSOR 0
Info: MIN ATOMS PER PATCH    40
Info: VELOCITY FILE          04.restart.vel
Info: CENTER OF MASS MOVING INITIALLY? NO
Info: DIELECTRIC             1
Info: EXCLUDE                SCALED ONE-FOUR
Info: 1-4 ELECTROSTATICS SCALED BY 1
Info: MODIFIED 1-4 VDW PARAMETERS WILL BE USED
Info: DCD FILENAME           prod01.dcd
Info: DCD FREQUENCY          1000
Info: DCD FIRST STEP         1000
Info: DCD FILE WILL CONTAIN UNIT CELL DATA
Info: XST FILENAME           prod01.xst
Info: XST FREQUENCY          1000
Info: NO VELOCITY DCD OUTPUT
Info: NO FORCE DCD OUTPUT
Info: OUTPUT FILENAME        prod01
Info: BINARY OUTPUT FILES WILL BE USED
Info: RESTART FILENAME       prod01.restart
Info: RESTART FREQUENCY      1000
Info: BINARY RESTART FILES WILL BE USED
Info: SWITCHING ACTIVE
Info: SWITCHING ON           10
Info: SWITCHING OFF          12
Info: PAIRLIST DISTANCE      13.5
Info: PAIRLIST SHRINK RATE   0.01
Info: PAIRLIST GROW RATE     0.01
Info: PAIRLIST TRIGGER       0.3
Info: PAIRLISTS PER CYCLE    2
Info: PAIRLISTS ENABLED
Info: MARGIN                 5
Warning: MARGIN IS UNUSUALLY LARGE AND WILL LOWER PERFORMANCE
Warning: MARGIN INCREASED PATCH VOLUME BY A FACTOR OF 2.26099
Info: HYDROGEN GROUP CUTOFF  2.5
Info: PATCH DIMENSION        21
Info: ENERGY OUTPUT STEPS    1000
Info: CROSSTERM ENERGY INCLUDED IN DIHEDRAL
Info: TIMING OUTPUT STEPS    10000
Info: PRESSURE OUTPUT STEPS  1000
Info: LANGEVIN DYNAMICS ACTIVE
Info: LANGEVIN TEMPERATURE   323
Info: LANGEVIN USING BBK INTEGRATOR
Info: LANGEVIN DAMPING COEFFICIENT IS 1 INVERSE PS
Info: LANGEVIN DYNAMICS APPLIED TO HYDROGENS
Info: LANGEVIN PISTON PRESSURE CONTROL ACTIVE
Info:        TARGET PRESSURE IS 1.01325 BAR
Info:     OSCILLATION PERIOD IS 200 FS
Info:             DECAY TIME IS 50 FS
Info:     PISTON TEMPERATURE IS 323 K
Info:       PRESSURE CONTROL IS GROUP-BASED
Info:    INITIAL STRAIN RATE IS -3.39179e-05 6.81317e-05 -2.04198e-06
Info:       CELL FLUCTUATION IS ANISOTROPIC
Info:     CONSTANT AREA PRESSURE CONTROL ACTIVE
Info: PARTICLE MESH EWALD (PME) ACTIVE
Info: PME TOLERANCE               1e-06
Info: PME EWALD COEFFICIENT       0.257952
Info: PME INTERPOLATION ORDER     4
Info: PME GRID DIMENSIONS         90 90 90
Info: PME MAXIMUM GRID SPACING    1.5
Info: Attempting to read FFTW data from system
Info: Attempting to read FFTW data from FFTW_NAMD_2.14_Linux-x86_64-MPI_FFTW3.txt
Info: Optimizing 6 FFT steps.  1... 2... 3... 4... 5... 6...   Done.
Info: Writing FFTW data to FFTW_NAMD_2.14_Linux-x86_64-MPI_FFTW3.txt
Info: FULL ELECTROSTATIC EVALUATION FREQUENCY      2
Info: USING VERLET I (r-RESPA) MTS SCHEME.
Info: C1 SPLITTING OF LONG RANGE ELECTROSTATICS
Info: PLACING ATOMS IN PATCHES BY HYDROGEN GROUPS
Info: RIGID BONDS TO HYDROGEN : ALL
Info:         ERROR TOLERANCE : 1e-08
Info:          MAX ITERATIONS : 100
Info: RIGID WATER USING SETTLE ALGORITHM
Info: RANDOM NUMBER SEED     1657545960
Info: USE HYDROGEN BONDS?    NO
Info: COORDINATE PDB         ionized.pdb
Info: STRUCTURE FILE         ionized.psf
Info: PARAMETER file: CHARMM format! 
Info: PARAMETERS             par_all36_lipid.prm
Info: PARAMETERS             par_all36_prot.prm
Info: PARAMETERS             par_all27_prot_na.prm
Info: USING ARITHMETIC MEAN TO COMBINE L-J SIGMA PARAMETERS
Info: BINARY COORDINATES     04.restart.coor

Warning: DUPLICATE BOND ENTRY FOR CA-CPT
PREVIOUS VALUES  k=300  x0=1.36
   USING VALUES  k=305  x0=1.368

Warning: DUPLICATE BOND ENTRY FOR CPT-CPT
PREVIOUS VALUES  k=360  x0=1.385
   USING VALUES  k=360  x0=1.4

Warning: DUPLICATE BOND ENTRY FOR CPT-CY
PREVIOUS VALUES  k=350  x0=1.43
   USING VALUES  k=350  x0=1.44

Warning: DUPLICATE BOND ENTRY FOR CT2-CY
PREVIOUS VALUES  k=375  x0=1.492
   USING VALUES  k=230  x0=1.51

Warning: DUPLICATE BOND ENTRY FOR C-NC2
PREVIOUS VALUES  k=450  x0=1.365
   USING VALUES  k=463  x0=1.365

Warning: DUPLICATE BOND ENTRY FOR CT2-NC2
PREVIOUS VALUES  k=390  x0=1.49
   USING VALUES  k=261  x0=1.49

Warning: DUPLICATE BOND ENTRY FOR CT3-NC2
PREVIOUS VALUES  k=390  x0=1.49
   USING VALUES  k=261  x0=1.49

Warning: DUPLICATE BOND ENTRY FOR CPT-NY
PREVIOUS VALUES  k=270  x0=1.37
   USING VALUES  k=270  x0=1.375

Warning: DUPLICATE BOND ENTRY FOR H-NY
PREVIOUS VALUES  k=537.5  x0=0.976
   USING VALUES  k=465  x0=0.976

Warning: DUPLICATE ANGLE ENTRY FOR CA-CA-CPT
PREVIOUS VALUES  k=50  theta0=113.2 k_ub=0 r_ub=0
   USING VALUES  k=60  theta0=118 k_ub=0 r_ub=0

Warning: DUPLICATE ANGLE ENTRY FOR CA-CPT-CPT
PREVIOUS VALUES  k=50  theta0=110 k_ub=0 r_ub=0
   USING VALUES  k=60  theta0=122 k_ub=0 r_ub=0

Warning: DUPLICATE ANGLE ENTRY FOR CA-CY-CPT
PREVIOUS VALUES  k=85  theta0=106.4 k_ub=25 r_ub=2.261
   USING VALUES  k=120  theta0=107.4 k_ub=25 r_ub=2.261

Warning: DUPLICATE ANGLE ENTRY FOR CA-NY-CPT
PREVIOUS VALUES  k=85  theta0=112 k_ub=0 r_ub=0
   USING VALUES  k=110  theta0=108 k_ub=0 r_ub=0

Warning: DUPLICATE ANGLE ENTRY FOR CA-CY-CT2
PREVIOUS VALUES  k=30  theta0=127 k_ub=0 r_ub=0
   USING VALUES  k=45.8  theta0=129.4 k_ub=0 r_ub=0

Warning: DUPLICATE ANGLE ENTRY FOR CPT-CY-CT2
PREVIOUS VALUES  k=30  theta0=126.7 k_ub=0 r_ub=0
   USING VALUES  k=45.8  theta0=124 k_ub=0 r_ub=0

Warning: DUPLICATE ANGLE ENTRY FOR CA-CPT-CY
PREVIOUS VALUES  k=130  theta0=133.5 k_ub=0 r_ub=0
   USING VALUES  k=160  theta0=130.6 k_ub=0 r_ub=0

Warning: DUPLICATE ANGLE ENTRY FOR CPT-CPT-CY
PREVIOUS VALUES  k=85  theta0=108 k_ub=0 r_ub=0
   USING VALUES  k=110  theta0=107.4 k_ub=0 r_ub=0

Warning: DUPLICATE ANGLE ENTRY FOR NC2-C-NC2
PREVIOUS VALUES  k=40  theta0=120 k_ub=70 r_ub=2.31
   USING VALUES  k=52  theta0=120 k_ub=90 r_ub=2.3642

Warning: DUPLICATE ANGLE ENTRY FOR CY-CA-NY
PREVIOUS VALUES  k=85  theta0=110.5 k_ub=25 r_ub=2.24
   USING VALUES  k=120  theta0=110 k_ub=25 r_ub=2.24

Warning: DUPLICATE ANGLE ENTRY FOR CA-CPT-NY
PREVIOUS VALUES  k=130  theta0=129.5 k_ub=0 r_ub=0
   USING VALUES  k=160  theta0=130.6 k_ub=0 r_ub=0

Warning: DUPLICATE ANGLE ENTRY FOR CPT-CPT-NY
PREVIOUS VALUES  k=95  theta0=107.4 k_ub=0 r_ub=0
   USING VALUES  k=110  theta0=107.4 k_ub=0 r_ub=0

Warning: DUPLICATE DIHEDRAL ENTRY FOR CA-CPT-CPT-CA
PREVIOUS VALUES MULTIPLICITY: 1
  k=3  n=2  delta=180
Warning: IDENTICAL PERIODICITY! REPLACING OLD VALUES BY: 
  k=3.1  n=2  delta=180

Warning: DUPLICATE DIHEDRAL ENTRY FOR C-CT1-CT2-CA
PREVIOUS VALUES MULTIPLICITY: 3
  k=1.28  n=1  delta=180
  k=0.94  n=2  delta=180
  k=1.57  n=3  delta=180
Warning: IDENTICAL PERIODICITY! REPLACING OLD VALUES BY: 
  k=0.04  n=3  delta=0

Warning: DUPLICATE DIHEDRAL ENTRY FOR CC-CT2-NH1-C
PREVIOUS VALUES MULTIPLICITY: 1
  k=2  n=1  delta=180
Warning: IDENTICAL PERIODICITY! REPLACING OLD VALUES BY: 
  k=0.2  n=1  delta=180

Warning: DUPLICATE DIHEDRAL ENTRY FOR CD-CT2-NH1-C
PREVIOUS VALUES MULTIPLICITY: 1
  k=2  n=1  delta=180
Warning: IDENTICAL PERIODICITY! REPLACING OLD VALUES BY: 
  k=0.2  n=1  delta=180

Warning: DUPLICATE DIHEDRAL ENTRY FOR CPT-CA-CA-CA
PREVIOUS VALUES MULTIPLICITY: 1
  k=3  n=2  delta=180
Warning: IDENTICAL PERIODICITY! REPLACING OLD VALUES BY: 
  k=3.1  n=2  delta=180

Warning: DUPLICATE DIHEDRAL ENTRY FOR CPT-CPT-CA-CA
PREVIOUS VALUES MULTIPLICITY: 1
  k=3  n=2  delta=180
Warning: IDENTICAL PERIODICITY! REPLACING OLD VALUES BY: 
  k=3.1  n=2  delta=180

Warning: DUPLICATE DIHEDRAL ENTRY FOR CPT-CPT-CY-CA
PREVIOUS VALUES MULTIPLICITY: 1
  k=5  n=2  delta=180
Warning: IDENTICAL PERIODICITY! REPLACING OLD VALUES BY: 
  k=4  n=2  delta=180

Warning: DUPLICATE DIHEDRAL ENTRY FOR CPT-CPT-NY-CA
PREVIOUS VALUES MULTIPLICITY: 1
  k=6.5  n=2  delta=180
Warning: IDENTICAL PERIODICITY! REPLACING OLD VALUES BY: 
  k=5  n=2  delta=180

Warning: DUPLICATE DIHEDRAL ENTRY FOR CA-CA-CT2-CT1
PREVIOUS VALUES MULTIPLICITY: 3
  k=1.07  n=1  delta=0
  k=0.24  n=2  delta=180
Warning: IDENTICAL PERIODICITY! REPLACING OLD VALUES BY: 
  k=0.23  n=2  delta=180

Warning: DUPLICATE DIHEDRAL ENTRY FOR CPH1-CPH1-CT2-CT1
PREVIOUS VALUES MULTIPLICITY: 3
  k=1.74  n=1  delta=0
Warning: IDENTICAL PERIODICITY! REPLACING OLD VALUES BY: 
  k=0.2  n=1  delta=0

Warning: DUPLICATE DIHEDRAL ENTRY FOR CPH1-CPH1-CT2-CT1
PREVIOUS VALUES MULTIPLICITY: 3
  k=0.2  n=1  delta=0
  k=0.15  n=2  delta=0
Warning: IDENTICAL PERIODICITY! REPLACING OLD VALUES BY: 
  k=0.27  n=2  delta=0

Warning: DUPLICATE DIHEDRAL ENTRY FOR CPH1-CPH1-CT2-CT1
PREVIOUS VALUES MULTIPLICITY: 3
  k=0.2  n=1  delta=0
  k=0.27  n=2  delta=0
  k=0.77  n=3  delta=180
Warning: IDENTICAL PERIODICITY! REPLACING OLD VALUES BY: 
  k=0  n=3  delta=0

Warning: DUPLICATE DIHEDRAL ENTRY FOR CA-CY-CT2-CT1
PREVIOUS VALUES MULTIPLICITY: 3
  k=0.03  n=1  delta=0
  k=0.55  n=2  delta=0
Warning: IDENTICAL PERIODICITY! REPLACING OLD VALUES BY: 
  k=0.23  n=2  delta=180

Warning: DUPLICATE DIHEDRAL ENTRY FOR CPT-CY-CT2-CT1
PREVIOUS VALUES MULTIPLICITY: 3
  k=0.36  n=1  delta=180
  k=0.05  n=2  delta=0
Warning: IDENTICAL PERIODICITY! REPLACING OLD VALUES BY: 
  k=0.23  n=2  delta=180

Warning: DUPLICATE DIHEDRAL ENTRY FOR CT2-CT2-CT2-CT2
PREVIOUS VALUES MULTIPLICITY: 3
  k=0.1  n=2  delta=180
  k=0.15  n=4  delta=0
  k=0.1  n=6  delta=180
INCREASING MULTIPLICITY TO: 4
  k=0.15  n=1  delta=0

Warning: DUPLICATE DIHEDRAL ENTRY FOR CT2-CY-CPT-CA
PREVIOUS VALUES MULTIPLICITY: 1
  k=2.5  n=2  delta=180
Warning: IDENTICAL PERIODICITY! REPLACING OLD VALUES BY: 
  k=3  n=2  delta=180

Warning: DUPLICATE DIHEDRAL ENTRY FOR CT2-CT2-CT2-CT3
PREVIOUS VALUES MULTIPLICITY: 3
  k=0.1  n=2  delta=180
  k=0.15  n=4  delta=0
  k=0.1  n=6  delta=180
INCREASING MULTIPLICITY TO: 4
  k=0.15  n=1  delta=0

Warning: DUPLICATE DIHEDRAL ENTRY FOR CT3-CT2-CY-CA
PREVIOUS VALUES MULTIPLICITY: 1
  k=0.38  n=2  delta=0
Warning: IDENTICAL PERIODICITY! REPLACING OLD VALUES BY: 
  k=0.23  n=2  delta=180

Warning: DUPLICATE DIHEDRAL ENTRY FOR CT3-CT2-CY-CPT
PREVIOUS VALUES MULTIPLICITY: 2
  k=0.25  n=2  delta=180
Warning: IDENTICAL PERIODICITY! REPLACING OLD VALUES BY: 
  k=0.23  n=2  delta=180

Warning: DUPLICATE DIHEDRAL ENTRY FOR CY-CA-NY-CPT
PREVIOUS VALUES MULTIPLICITY: 1
  k=6  n=2  delta=180
Warning: IDENTICAL PERIODICITY! REPLACING OLD VALUES BY: 
  k=5  n=2  delta=180

Warning: DUPLICATE DIHEDRAL ENTRY FOR CY-CPT-CA-CA
PREVIOUS VALUES MULTIPLICITY: 1
  k=4  n=2  delta=180
Warning: IDENTICAL PERIODICITY! REPLACING OLD VALUES BY: 
  k=3  n=2  delta=180

Warning: DUPLICATE DIHEDRAL ENTRY FOR CY-CPT-CPT-CA
PREVIOUS VALUES MULTIPLICITY: 1
  k=4  n=2  delta=180
Warning: IDENTICAL PERIODICITY! REPLACING OLD VALUES BY: 
  k=10  n=2  delta=180

Warning: DUPLICATE DIHEDRAL ENTRY FOR H-NY-CA-CY
PREVIOUS VALUES MULTIPLICITY: 1
  k=0.05  n=2  delta=180
Warning: IDENTICAL PERIODICITY! REPLACING OLD VALUES BY: 
  k=0.8  n=2  delta=180

Warning: DUPLICATE DIHEDRAL ENTRY FOR H-NY-CPT-CA
PREVIOUS VALUES MULTIPLICITY: 1
  k=0.2  n=2  delta=180
Warning: IDENTICAL PERIODICITY! REPLACING OLD VALUES BY: 
  k=0.8  n=2  delta=180

Warning: DUPLICATE DIHEDRAL ENTRY FOR H-NY-CPT-CPT
PREVIOUS VALUES MULTIPLICITY: 1
  k=0.85  n=2  delta=180
Warning: IDENTICAL PERIODICITY! REPLACING OLD VALUES BY: 
  k=0.8  n=2  delta=180

Warning: DUPLICATE DIHEDRAL ENTRY FOR CT1-CT1-OH1-H
PREVIOUS VALUES MULTIPLICITY: 3
  k=0.18  n=1  delta=0
Warning: IDENTICAL PERIODICITY! REPLACING OLD VALUES BY: 
  k=1.33  n=1  delta=0

Warning: DUPLICATE DIHEDRAL ENTRY FOR CT1-CT1-OH1-H
PREVIOUS VALUES MULTIPLICITY: 3
  k=1.33  n=1  delta=0
  k=0.06  n=2  delta=0
Warning: IDENTICAL PERIODICITY! REPLACING OLD VALUES BY: 
  k=0.18  n=2  delta=0

Warning: DUPLICATE DIHEDRAL ENTRY FOR CT1-CT1-OH1-H
PREVIOUS VALUES MULTIPLICITY: 3
  k=1.33  n=1  delta=0
  k=0.18  n=2  delta=0
  k=0.25  n=3  delta=0
Warning: IDENTICAL PERIODICITY! REPLACING OLD VALUES BY: 
  k=0.32  n=3  delta=0

Warning: DUPLICATE DIHEDRAL ENTRY FOR CT1-CT2-OH1-H
PREVIOUS VALUES MULTIPLICITY: 3
  k=0.02  n=1  delta=0
Warning: IDENTICAL PERIODICITY! REPLACING OLD VALUES BY: 
  k=1.3  n=1  delta=0

Warning: DUPLICATE DIHEDRAL ENTRY FOR CT1-CT2-OH1-H
PREVIOUS VALUES MULTIPLICITY: 3
  k=1.3  n=1  delta=0
  k=0.56  n=2  delta=0
Warning: IDENTICAL PERIODICITY! REPLACING OLD VALUES BY: 
  k=0.3  n=2  delta=0

Warning: DUPLICATE DIHEDRAL ENTRY FOR CT1-CT2-OH1-H
PREVIOUS VALUES MULTIPLICITY: 3
  k=1.3  n=1  delta=0
  k=0.3  n=2  delta=0
  k=0.49  n=3  delta=0
Warning: IDENTICAL PERIODICITY! REPLACING OLD VALUES BY: 
  k=0.42  n=3  delta=0

Warning: DUPLICATE DIHEDRAL ENTRY FOR HP-CA-CPT-CY
PREVIOUS VALUES MULTIPLICITY: 1
  k=4  n=2  delta=180
Warning: IDENTICAL PERIODICITY! REPLACING OLD VALUES BY: 
  k=3  n=2  delta=180

Warning: DUPLICATE DIHEDRAL ENTRY FOR HP-CA-CY-CPT
PREVIOUS VALUES MULTIPLICITY: 1
  k=2.8  n=2  delta=180
Warning: IDENTICAL PERIODICITY! REPLACING OLD VALUES BY: 
  k=2  n=2  delta=180

Warning: DUPLICATE DIHEDRAL ENTRY FOR HP-CA-NY-CPT
PREVIOUS VALUES MULTIPLICITY: 1
  k=2.6  n=2  delta=180
Warning: IDENTICAL PERIODICITY! REPLACING OLD VALUES BY: 
  k=2  n=2  delta=180

Warning: DUPLICATE DIHEDRAL ENTRY FOR HP-CY-CPT-CPT
PREVIOUS VALUES MULTIPLICITY: 1
  k=2.6  n=2  delta=180
Warning: IDENTICAL PERIODICITY! REPLACING OLD VALUES BY: 
  k=2.8  n=2  delta=180

Warning: DUPLICATE DIHEDRAL ENTRY FOR CT1-CT2-S-HS
PREVIOUS VALUES MULTIPLICITY: 3
  k=0.2  n=1  delta=0
Warning: IDENTICAL PERIODICITY! REPLACING OLD VALUES BY: 
  k=0.24  n=1  delta=0

Warning: DUPLICATE DIHEDRAL ENTRY FOR CT1-CT2-S-HS
PREVIOUS VALUES MULTIPLICITY: 3
  k=0.24  n=1  delta=0
  k=0.65  n=2  delta=0
Warning: IDENTICAL PERIODICITY! REPLACING OLD VALUES BY: 
  k=0.15  n=2  delta=0

Warning: DUPLICATE DIHEDRAL ENTRY FOR CT1-CT2-S-HS
PREVIOUS VALUES MULTIPLICITY: 3
  k=0.24  n=1  delta=0
  k=0.15  n=2  delta=0
  k=0.22  n=3  delta=0
Warning: IDENTICAL PERIODICITY! REPLACING OLD VALUES BY: 
  k=0.27  n=3  delta=0

Warning: DUPLICATE DIHEDRAL ENTRY FOR NH3-CT2-C-NH1
PREVIOUS VALUES MULTIPLICITY: 1
  k=1  n=1  delta=0
Warning: IDENTICAL PERIODICITY! REPLACING OLD VALUES BY: 
  k=0.4  n=1  delta=0

Warning: DUPLICATE DIHEDRAL ENTRY FOR CT1-CT2-CPH1-NR1
PREVIOUS VALUES MULTIPLICITY: 3
  k=1.49  n=1  delta=0
  k=0.09  n=2  delta=180
  k=0.79  n=3  delta=180
Warning: IDENTICAL PERIODICITY! REPLACING OLD VALUES BY: 
  k=0.19  n=3  delta=0

Warning: DUPLICATE DIHEDRAL ENTRY FOR CT1-CT2-CPH1-NR2
PREVIOUS VALUES MULTIPLICITY: 3
  k=1.09  n=1  delta=0
  k=0.09  n=2  delta=0
  k=0.67  n=3  delta=180
Warning: IDENTICAL PERIODICITY! REPLACING OLD VALUES BY: 
  k=0.19  n=3  delta=0

Warning: DUPLICATE DIHEDRAL ENTRY FOR NY-CA-CY-CPT
PREVIOUS VALUES MULTIPLICITY: 1
  k=5  n=2  delta=180
Warning: IDENTICAL PERIODICITY! REPLACING OLD VALUES BY: 
  k=4  n=2  delta=180

Warning: DUPLICATE DIHEDRAL ENTRY FOR NY-CA-CY-CT2
PREVIOUS VALUES MULTIPLICITY: 1
  k=2.5  n=2  delta=180
Warning: IDENTICAL PERIODICITY! REPLACING OLD VALUES BY: 
  k=3.5  n=2  delta=180

Warning: DUPLICATE DIHEDRAL ENTRY FOR NY-CPT-CA-CA
PREVIOUS VALUES MULTIPLICITY: 1
  k=3  n=2  delta=180
Warning: IDENTICAL PERIODICITY! REPLACING OLD VALUES BY: 
  k=2.8  n=2  delta=180

Warning: DUPLICATE DIHEDRAL ENTRY FOR NY-CPT-CPT-CA
PREVIOUS VALUES MULTIPLICITY: 1
  k=4  n=2  delta=180
Warning: IDENTICAL PERIODICITY! REPLACING OLD VALUES BY: 
  k=10  n=2  delta=180

Warning: DUPLICATE DIHEDRAL ENTRY FOR NY-CPT-CPT-CY
PREVIOUS VALUES MULTIPLICITY: 1
  k=6.5  n=2  delta=180
Warning: IDENTICAL PERIODICITY! REPLACING OLD VALUES BY: 
  k=5  n=2  delta=180

Warning: DUPLICATE DIHEDRAL ENTRY FOR X-CT2-CT2-X
PREVIOUS VALUES MULTIPLICITY: 1
  k=0.19  n=3  delta=0
Warning: IDENTICAL PERIODICITY! REPLACING OLD VALUES BY: 
  k=0.195  n=3  delta=0

Warning: DUPLICATE DIHEDRAL ENTRY FOR X-CT3-CT3-X
PREVIOUS VALUES MULTIPLICITY: 1
  k=0.1525  n=3  delta=0
Warning: IDENTICAL PERIODICITY! REPLACING OLD VALUES BY: 
  k=0.155  n=3  delta=0

Warning: DUPLICATE IMPROPER DIHEDRAL ENTRY FOR NC2-X-X-C
PREVIOUS VALUES MULTIPLICITY 1
  k=45  n=0  delta=0
USING VALUES MULTIPLICITY 1
  k=40  n=0  delta=0
Warning: DUPLICATE CMAP ENTRY FOR C-NH1-CT1-C NH1-CT1-C-NH1, USING NEW VALUES

Warning: DUPLICATE CMAP ENTRY FOR C-NH1-CT1-C NH1-CT1-C-N, USING NEW VALUES

Warning: DUPLICATE CMAP ENTRY FOR C-N-CP1-C N-CP1-C-NH1, USING NEW VALUES

Warning: DUPLICATE CMAP ENTRY FOR C-N-CP1-C N-CP1-C-N, USING NEW VALUES

Warning: DUPLICATE CMAP ENTRY FOR C-NH1-CT2-C NH1-CT2-C-NH1, USING NEW VALUES

Warning: DUPLICATE CMAP ENTRY FOR C-NH1-CT2-C NH1-CT2-C-N, USING NEW VALUES
Warning: DUPLICATE vdW ENTRY FOR CPT
PREVIOUS VALUES  sigma=3.31414 epsilon=0.099 sigma14=3.31414 epsilon14=0.099
   USING VALUES  sigma=3.20724 epsilon=0.09 sigma14=3.38542 epsilon14=0.09
Warning: DUPLICATE vdW ENTRY FOR CT1
PREVIOUS VALUES  sigma=3.56359 epsilon=0.032 sigma14=3.38542 epsilon14=0.01
   USING VALUES  sigma=4.05359 epsilon=0.02 sigma14=3.38542 epsilon14=0.01
Warning: DUPLICATE vdW ENTRY FOR CT2
PREVIOUS VALUES  sigma=3.58141 epsilon=0.056 sigma14=3.38542 epsilon14=0.01
   USING VALUES  sigma=3.87541 epsilon=0.055 sigma14=3.38542 epsilon14=0.01
Warning: DUPLICATE vdW ENTRY FOR CT3
PREVIOUS VALUES  sigma=3.63487 epsilon=0.078 sigma14=3.38542 epsilon14=0.01
   USING VALUES  sigma=3.6705 epsilon=0.08 sigma14=3.38542 epsilon14=0.01
Warning: DUPLICATE vdW ENTRY FOR CY
PREVIOUS VALUES  sigma=3.54578 epsilon=0.073 sigma14=3.54578 epsilon14=0.073
   USING VALUES  sigma=3.55005 epsilon=0.07 sigma14=3.55005 epsilon14=0.07
Warning: DUPLICATE vdW ENTRY FOR HA1
PREVIOUS VALUES  sigma=2.38761 epsilon=0.045 sigma14=2.38761 epsilon14=0.045
   USING VALUES  sigma=2.35197 epsilon=0.022 sigma14=2.35197 epsilon14=0.022
Warning: DUPLICATE vdW ENTRY FOR HA2
PREVIOUS VALUES  sigma=2.38761 epsilon=0.034 sigma14=2.38761 epsilon14=0.034
   USING VALUES  sigma=2.38761 epsilon=0.028 sigma14=2.38761 epsilon14=0.028
Info: SUMMARY OF PARAMETERS:
Info: 439 BONDS
Info: 1151 ANGLES
Info: 2013 DIHEDRAL
Info: 109 IMPROPER
Info: 12 CROSSTERM
Info: 240 VDW
Info: 0 VDW_PAIRS
Info: 0 NBTHOLE_PAIRS
Info: TIME FOR READING PSF FILE: 4.47158
Info: Reading pdb file ionized.pdb
Info: TIME FOR READING PDB FILE: 0.0910251
Info: 
Info: ****************************
Info: STRUCTURE SUMMARY:
Info: 49975 ATOMS
Info: 41754 BONDS
Info: 57977 ANGLES
Info: 69800 DIHEDRALS
Info: 400 IMPROPERS
Info: 0 CROSSTERMS
Info: 0 EXCLUSIONS
Info: 39931 RIGID BONDS
Info: 109994 DEGREES OF FREEDOM
Info: 18021 HYDROGEN GROUPS
Info: 4 ATOMS IN LARGEST HYDROGEN GROUP
Info: 18021 MIGRATION GROUPS
Info: 4 ATOMS IN LARGEST MIGRATION GROUP
Info: TOTAL MASS = 291806 amu
Info: TOTAL CHARGE = 1.04308e-05 e
Info: MASS DENSITY = 1.01266 g/cm^3
Info: ATOM DENSITY = 0.104439 atoms/A^3
Info: *****************************
Info: Reading from binary file 04.restart.coor
Info: 
Info: Entering startup at 5.09354 s, 487.93 MB of memory in use
Info: Startup phase 0 took 0.000341189 s, 487.93 MB of memory in use
Info: ADDED 169531 IMPLICIT EXCLUSIONS
Info: Startup phase 1 took 0.142577 s, 501.664 MB of memory in use
Info: NONBONDED TABLE R-SQUARED SPACING: 0.0625
Info: NONBONDED TABLE SIZE: 769 POINTS
Info: ABSOLUTE IMPRECISION IN FAST TABLE FORCE: 2.64698e-23 AT 11.9138
Info: RELATIVE IMPRECISION IN FAST TABLE FORCE: 1.40436e-16 AT 11.9138
Info: INCONSISTENCY IN FAST TABLE ENERGY VS FORCE: 0.000325096 AT 11.9556
Info: ABSOLUTE IMPRECISION IN SCOR TABLE FORCE: 4.10282e-22 AT 11.9138
Info: RELATIVE IMPRECISION IN SCOR TABLE FORCE: 3.56912e-15 AT 11.9138
Info: INCONSISTENCY IN SCOR TABLE ENERGY VS FORCE: 0.000324844 AT 11.9556
Info: ABSOLUTE IMPRECISION IN VDWA TABLE ENERGY: 9.86076e-32 AT 11.8295
Info: RELATIVE IMPRECISION IN VDWA TABLE ENERGY: 6.75473e-14 AT 11.9138
Info: ABSOLUTE IMPRECISION IN VDWA TABLE FORCE: 4.62223e-32 AT 11.9138
Info: RELATIVE IMPRECISION IN VDWA TABLE FORCE: 2.12237e-15 AT 11.9138
Info: INCONSISTENCY IN VDWA TABLE ENERGY VS FORCE: 0.0040507 AT 0.251946
Info: ABSOLUTE IMPRECISION IN VDWB TABLE ENERGY: 4.1359e-25 AT 11.8295
Info: RELATIVE IMPRECISION IN VDWB TABLE ENERGY: 7.56853e-15 AT 11.9138
Info: ABSOLUTE IMPRECISION IN VDWB TABLE FORCE: 3.87741e-26 AT 11.9138
Info: RELATIVE IMPRECISION IN VDWB TABLE FORCE: 5.97409e-16 AT 11.9138
Info: INCONSISTENCY IN VDWB TABLE ENERGY VS FORCE: 0.00150189 AT 0.251946
Info: Startup phase 2 took 0.00230353 s, 501.664 MB of memory in use
Info: Startup phase 3 took 0.0002846 s, 501.664 MB of memory in use
Info: Startup phase 4 took 0.000531854 s, 501.664 MB of memory in use
Info: Startup phase 5 took 0.000219342 s, 501.664 MB of memory in use
Info: PATCH GRID IS 7 (PERIODIC) BY 3 (PERIODIC) BY 3 (PERIODIC)
Info: PATCH GRID IS 2-AWAY BY 1-AWAY BY 1-AWAY
Info: Reading from binary file 04.restart.vel
Info: REMOVING COM VELOCITY 0.00111653 0.0281958 0.0369287
Info: LARGEST PATCH (35) HAS 847 ATOMS
Info: TORUS A SIZE 6 USING 0 1 2 3 4 5
Info: TORUS B SIZE 1 USING 0
Info: TORUS C SIZE 1 USING 0
Info: TORUS MINIMAL MESH SIZE IS 6 BY 1 BY 1
Info: Placed 95.2381% of base nodes on same physical node as patch
Info: Startup phase 6 took 0.0206197 s, 510.754 MB of memory in use
Info: PME using 45 and 45 processors for FFT and reciprocal sum.
Info: PME GRID LOCATIONS: 3 7 11 13 15 19 23 27 31 35 ...
Info: PME TRANS LOCATIONS: 1 5 6 9 14 17 21 22 25 29 ...
Info: PME USING 45 GRID NODES AND 45 TRANS NODES
Info: Startup phase 7 took 0.127945 s, 510.754 MB of memory in use
Info: Startup phase 8 took 0.000225659 s, 510.754 MB of memory in use
Info: Startup phase 9 took 0.00105147 s, 510.754 MB of memory in use
Info: Startup phase 10 took 0.000221384 s, 510.754 MB of memory in use
Info: Startup phase 11 took 0.0883671 s, 515.672 MB of memory in use
LDB: Central LB being created...
Info: Startup phase 12 took 0.0819113 s, 515.672 MB of memory in use
Info: CREATING 2142 COMPUTE OBJECTS
Info: Startup phase 13 took 0.000515405 s, 515.672 MB of memory in use
Info: useSync: 1 useProxySync: 0
Info: Startup phase 14 took 0.000330505 s, 515.672 MB of memory in use
Info: Startup phase 15 took 5.2585e-05 s, 515.672 MB of memory in use
Info: Finished startup at 5.56104 s, 515.672 MB of memory in use

TCL: Running for 10000 steps
PRESSURE: 0 193.569 -225.462 -94.3574 -225.462 -19.988 63.6354 -94.3574 63.6354 -227.768
GPRESSURE: 0 295.16 22.1679 -5.55307 -81.5782 22.3484 15.8338 -326.853 108.215 -307.057
ETITLE:      TS           BOND          ANGLE          DIHED          IMPRP               ELECT            VDW       BOUNDARY           MISC        KINETIC               TOTAL           TEMP      POTENTIAL         TOTAL3        TEMPAVG            PRESSURE      GPRESSURE         VOLUME       PRESSAVG      GPRESSAVG

ENERGY:       0      2771.1855     15851.9444     10030.8703       122.9196        -110285.3243     -1558.8061         0.0000         0.0000     32906.6317         -50160.5789       301.0959    -83067.2106    -49901.5100       301.0959            -18.0623         3.4840    478508.7900       -18.0623         3.4840

OPENING EXTENDED SYSTEM TRAJECTORY FILE
LDB: ============= START OF LOAD BALANCING ============== 6.05767
LDB: ============== END OF LOAD BALANCING =============== 6.05789
Info: useSync: 1 useProxySync: 0
LDB: =============== DONE WITH MIGRATION ================ 6.05941
LDB: ============= START OF LOAD BALANCING ============== 6.76447
LDB: Largest compute 98 load 0.194484 is 59.9% of average load 0.324939
LDB: Average compute 0.019655 is 6.0% of average load 0.324939
LDB: Partitioning computes with target load 0.039310
LDB: Increased migratable compute count from 1764 to 2341
LDB: Largest unpartitionable compute is 0.048569
LDB: ============== END OF LOAD BALANCING =============== 6.89031
Info: useSync: 1 useProxySync: 0
LDB: =============== DONE WITH MIGRATION ================ 6.89248
Info: Initial time: 144 CPUs 0.00879452 s/step 0.0508942 days/ns 524.582 MB memory
LDB: ============= START OF LOAD BALANCING ============== 7.058
LDB: ============== END OF LOAD BALANCING =============== 7.05818
Info: useSync: 1 useProxySync: 0
LDB: =============== DONE WITH MIGRATION ================ 7.05868
LDB: ============= START OF LOAD BALANCING ============== 7.69284
LDB: Largest compute 1979 load 0.043377 is 13.3% of average load 0.326541
LDB: Average compute 0.014924 is 4.6% of average load 0.326541
LDB: TIME 7.69461 LOAD: AVG 0.326541 MAX 0.489419  PROXIES: TOTAL 630 MAXPE 11 MAXPATCH 10 None MEM: 524.746 MB
LDB: TIME 7.69986 LOAD: AVG 0.326541 MAX 0.391842  PROXIES: TOTAL 1222 MAXPE 17 MAXPATCH 28 TorusLB MEM: 524.746 MB
LDB: ============== END OF LOAD BALANCING =============== 7.75754
Info: useSync: 1 useProxySync: 0
LDB: =============== DONE WITH MIGRATION ================ 7.80767
Info: Initial time: 144 CPUs 0.00814225 s/step 0.0471195 days/ns 525.375 MB memory
LDB: ============= START OF LOAD BALANCING ============== 8.63342
LDB: Largest compute 1976 load 0.056047 is 11.9% of average load 0.469557
LDB: Average compute 0.018938 is 4.0% of average load 0.469557
LDB: TIME 8.63576 LOAD: AVG 0.469557 MAX 0.562785  PROXIES: TOTAL 630 MAXPE 11 MAXPATCH 10 None MEM: 525.375 MB
LDB: TIME 8.63657 LOAD: AVG 0.469557 MAX 0.562785  PROXIES: TOTAL 1222 MAXPE 17 MAXPATCH 28 RefineTorusLB MEM: 525.375 MB
LDB: TIME 8.65243 LOAD: AVG 0.469557 MAX 0.503102  PROXIES: TOTAL 1188 MAXPE 15 MAXPATCH 28 RefineTorusLB MEM: 525.375 MB
LDB: ============== END OF LOAD BALANCING =============== 8.67985
Info: useSync: 1 useProxySync: 0
LDB: =============== DONE WITH MIGRATION ================ 8.68169
Info: Initial time: 144 CPUs 0.00817654 s/step 0.047318 days/ns 525.375 MB memory
LDB: ============= START OF LOAD BALANCING ============== 9.44746
LDB: Largest compute 1979 load 0.055504 is 12.1% of average load 0.460130
LDB: Average compute 0.018900 is 4.1% of average load 0.460130
LDB: TIME 9.44926 LOAD: AVG 0.46013 MAX 0.511169  PROXIES: TOTAL 630 MAXPE 11 MAXPATCH 10 None MEM: 525.375 MB
LDB: TIME 9.45004 LOAD: AVG 0.46013 MAX 0.511169  PROXIES: TOTAL 1188 MAXPE 15 MAXPATCH 28 RefineTorusLB MEM: 525.375 MB
LDB: TIME 9.4521 LOAD: AVG 0.46013 MAX 0.492766  PROXIES: TOTAL 1180 MAXPE 15 MAXPATCH 26 RefineTorusLB MEM: 525.375 MB
LDB: ============== END OF LOAD BALANCING =============== 9.47727
Info: useSync: 1 useProxySync: 0
LDB: =============== DONE WITH MIGRATION ================ 9.47944
Info: Benchmark time: 144 CPUs 0.00756246 s/step 0.0437643 days/ns 525.375 MB memory
Info: Benchmark time: 144 CPUs 0.0074585 s/step 0.0431626 days/ns 525.375 MB memory
Info: Benchmark time: 144 CPUs 0.00742014 s/step 0.0429406 days/ns 525.375 MB memory
Info: Benchmark time: 144 CPUs 0.00671025 s/step 0.0388325 days/ns 525.375 MB memory
Info: Benchmark time: 144 CPUs 0.00674588 s/step 0.0390387 days/ns 525.375 MB memory
Info: Benchmark time: 144 CPUs 0.00660851 s/step 0.0382437 days/ns 525.375 MB memory
OPENING COORDINATE DCD FILE
WRITING COORDINATES TO DCD FILE prod01.dcd AT STEP 1000
WRITING COORDINATES TO RESTART FILE AT STEP 1000
FINISHED WRITING RESTART COORDINATES
The last position output (seq=1000) takes 0.115 seconds, 530.730 MB of memory in use
WRITING VELOCITIES TO RESTART FILE AT STEP 1000
FINISHED WRITING RESTART VELOCITIES
The last velocity output (seq=1000) takes 0.023 seconds, 530.730 MB of memory in use
PRESSURE: 1000 369.747 215.552 93.8065 215.552 224.797 -91.5825 93.8065 -91.5825 -217.392
GPRESSURE: 1000 568.873 104.713 75.8056 217.268 110.118 -113.267 -16.3333 -65.7833 -189.707
PRESSAVG: 1000 74.2701 -4.69303 5.52399 -4.69303 52.5167 -13.7129 5.52399 -13.7129 17.5903
GPRESSAVG: 1000 74.9426 -6.48872 5.07091 -5.03367 52.247 -12.6756 5.66586 -12.8966 17.792
ENERGY:    1000      2799.3194     16450.1016     10094.5853       134.8206        -108189.9407     -1646.7424         0.0000         0.0000     34765.7165         -45592.1398       318.1065    -80357.8562    -45323.6354       313.3215            125.7173       163.0944    480468.5501        48.1257        48.3272

WRITING EXTENDED SYSTEM TO RESTART FILE AT STEP 1000
PRESSURE: 2000 402.036 -77.4371 150.699 -77.4371 347.81 482.001 150.699 482.001 182.764
GPRESSURE: 2000 274.58 20.296 196.605 45.5086 396.056 541.563 118.275 424.547 263.568
PRESSAVG: 2000 31.1051 24.9242 31.3289 24.9242 83.7251 7.42048 31.3289 7.42048 22.6072
GPRESSAVG: 2000 32.0351 25.0917 31.6636 24.844 84.011 6.8253 31.2992 7.34663 22.596
ENERGY:    2000      2879.9675     16658.7196     10108.2600       141.8244        -108006.1768     -1529.5522         0.0000         0.0000     35148.7750         -44598.1824       321.6115    -79746.9575    -44333.2932       320.5993            310.8700       311.4014    482935.9161        45.8124        46.2141

WRITING EXTENDED SYSTEM TO RESTART FILE AT STEP 2000
WRITING COORDINATES TO DCD FILE prod01.dcd AT STEP 2000
WRITING COORDINATES TO RESTART FILE AT STEP 2000
FINISHED WRITING RESTART COORDINATES
The last position output (seq=2000) takes 0.019 seconds, 530.730 MB of memory in use
WRITING VELOCITIES TO RESTART FILE AT STEP 2000
FINISHED WRITING RESTART VELOCITIES
The last velocity output (seq=2000) takes 0.031 seconds, 530.730 MB of memory in use
WRITING COORDINATES TO DCD FILE prod01.dcd AT STEP 3000
WRITING COORDINATES TO RESTART FILE AT STEP 3000
FINISHED WRITING RESTART COORDINATES
The last position output (seq=3000) takes 0.079 seconds, 530.988 MB of memory in use
WRITING VELOCITIES TO RESTART FILE AT STEP 3000
FINISHED WRITING RESTART VELOCITIES
The last velocity output (seq=3000) takes 0.041 seconds, 532.156 MB of memory in use
PRESSURE: 3000 166.924 88.9799 -453.725 88.9799 -339.699 291.179 -453.725 291.179 39.1971
GPRESSURE: 3000 222.421 176.254 -490.226 159.781 -223.719 324.923 -228.687 173.89 -39.0243
PRESSAVG: 3000 -41.6113 35.8547 14.9936 35.8547 6.39626 13.2551 14.9936 13.2551 -23.2034
GPRESSAVG: 3000 -41.6952 35.8051 14.3603 36.192 7.53879 12.9429 15.1549 12.6566 -21.8464
ENERGY:    3000      2894.0863     16721.5969     10142.7202       114.4213        -107846.3976     -1556.1641         0.0000         0.0000     35240.0918         -44289.6452       322.4471    -79529.7370    -44007.1732       322.9859            -44.5260       -13.4408    485404.5810       -19.4728       -18.6676

WRITING EXTENDED SYSTEM TO RESTART FILE AT STEP 3000
WRITING COORDINATES TO DCD FILE prod01.dcd AT STEP 4000
WRITING COORDINATES TO RESTART FILE AT STEP 4000
FINISHED WRITING RESTART COORDINATES
The last position output (seq=4000) takes 0.082 seconds, 532.156 MB of memory in use
WRITING VELOCITIES TO RESTART FILE AT STEP 4000
FINISHED WRITING RESTART VELOCITIES
The last velocity output (seq=4000) takes 0.054 seconds, 532.293 MB of memory in use
PRESSURE: 4000 -14.0222 -62.006 -79.1827 -62.006 -50.0001 -70.0203 -79.1827 -70.0203 186.119
GPRESSURE: 4000 -81.0523 -70.7701 -109.703 -62.4186 87.0781 15.6899 -58.7983 -139.865 185.64
PRESSAVG: 4000 -69.4057 52.8253 18.229 52.8253 4.57256 35.8127 18.229 35.8127 -2.33533
GPRESSAVG: 4000 -68.5359 51.2507 17.9612 53.9555 4.37458 36.4296 17.9637 36.5097 -0.833623
ENERGY:    4000      2897.9131     16721.7592     10204.0973       131.0029        -107562.5509     -1743.2352         0.0000         0.0000     35261.7417         -44089.2718       322.6452    -79351.0135    -43813.3830       323.2797             40.6990        63.8886    484731.4270       -22.3895       -21.6650

WRITING EXTENDED SYSTEM TO RESTART FILE AT STEP 4000
LDB: ============= START OF LOAD BALANCING ============== 34.433
LDB: ============== END OF LOAD BALANCING =============== 34.4333
Info: useSync: 1 useProxySync: 0
LDB: =============== DONE WITH MIGRATION ================ 34.4339
LDB: ============= START OF LOAD BALANCING ============== 35.0305
LDB: Largest compute 97 load 0.064592 is 14.3% of average load 0.452866
LDB: Average compute 0.018789 is 4.1% of average load 0.452866
LDB: TIME 35.0324 LOAD: AVG 0.452866 MAX 0.515456  PROXIES: TOTAL 630 MAXPE 11 MAXPATCH 10 None MEM: 532.293 MB
LDB: TIME 35.0332 LOAD: AVG 0.452866 MAX 0.515456  PROXIES: TOTAL 1180 MAXPE 15 MAXPATCH 26 RefineTorusLB MEM: 532.293 MB
LDB: TIME 35.0352 LOAD: AVG 0.452866 MAX 0.485079  PROXIES: TOTAL 1176 MAXPE 15 MAXPATCH 26 RefineTorusLB MEM: 532.293 MB
LDB: ============== END OF LOAD BALANCING =============== 35.0701
Info: useSync: 1 useProxySync: 0
LDB: =============== DONE WITH MIGRATION ================ 35.0721
WRITING COORDINATES TO DCD FILE prod01.dcd AT STEP 5000
WRITING COORDINATES TO RESTART FILE AT STEP 5000
FINISHED WRITING RESTART COORDINATES
The last position output (seq=5000) takes 0.073 seconds, 532.293 MB of memory in use
PRESSURE: 5000 -123.295 81.1299 89.4095 81.1299 -230.69 260.986 89.4095 260.986 295.315
GPRESSURE: 5000 -117.666 168.462 121.965 55.9241 -181.787 249.754 233.139 196.037 362.426
PRESSAVG: 5000 -76.9523 17.1568 32.3596 17.1568 -5.15496 1.28316 32.3596 1.28316 -13.9079
GPRESSAVG: 5000 -77.2944 17.7652 31.5975 16.9461 -4.38866 1.76777 32.2902 1.0607 -14.3783
ENERGY:    5000      2882.7590     16851.1559     10158.3372       131.2130        -107637.8585     -1807.7369         0.0000         0.0000     35412.6653         -44009.4651       324.0261    -79422.1304    -43746.5003       324.0952            -19.5569        20.9909    484057.5034       -32.0050       -32.0205

WRITING EXTENDED SYSTEM TO RESTART FILE AT STEP 5000
WRITING VELOCITIES TO RESTART FILE AT STEP 5000
FINISHED WRITING RESTART VELOCITIES
The last velocity output (seq=5000) takes 0.074 seconds, 533.340 MB of memory in use
WRITING COORDINATES TO DCD FILE prod01.dcd AT STEP 6000
WRITING COORDINATES TO RESTART FILE AT STEP 6000
FINISHED WRITING RESTART COORDINATES
The last position output (seq=6000) takes 0.022 seconds, 533.340 MB of memory in use
PRESSURE: 6000 332.701 102.171 288.026 102.171 36.5379 157.698 288.026 157.698 -80.4327
GPRESSURE: 6000 399.762 185.08 280.746 261.076 92.5986 156.193 204.953 156.692 -118.157
PRESSAVG: 6000 -38.1518 18.1593 22.9406 18.1593 34.4326 17.3949 22.9406 17.3949 -4.31696
GPRESSAVG: 6000 -38.4243 19.4214 22.8421 18.248 34.9004 17.3904 23.4989 17.7129 -4.03554
ENERGY:    6000      2872.7160     16767.0324     10105.8271       113.1313        -107924.6946     -1531.1110         0.0000         0.0000     35439.6203         -44157.4786       324.2727    -79597.0989    -43901.4088       323.7889             96.2687       124.7344    483963.2947        -2.6787        -2.5198

WRITING EXTENDED SYSTEM TO RESTART FILE AT STEP 6000
WRITING VELOCITIES TO RESTART FILE AT STEP 6000
FINISHED WRITING RESTART VELOCITIES
PRESSURE: 7000 -154.264 65.3725 158.789 65.3725 -47.6324 -104.818 158.789 -104.818 191.665
GPRESSURE: 7000 -52.0806 37.107 184.596 96.6967 -41.3017 -105.281 134.391 -186.103 127.76
PRESSAVG: 7000 -27.4782 24.8685 8.88917 24.8685 6.51812 25.0432 8.88917 25.0432 -3.80022
GPRESSAVG: 7000 -27.5091 24.1354 8.92132 23.6338 5.55254 26.1711 8.08496 24.8025 -3.07859
ENERGY:    7000      2914.9447     16761.1119     10188.1730       143.5215        -108116.9886     -1517.3344         0.0000         0.0000     35214.4291         -44412.1426       322.2122    -79626.5718    -44136.0250       322.6456             -3.4105        11.4592    483448.3065        -8.2534        -8.3451

WRITING EXTENDED SYSTEM TO RESTART FILE AT STEP 7000
WRITING COORDINATES TO DCD FILE prod01.dcd AT STEP 7000
WRITING COORDINATES TO RESTART FILE AT STEP 7000
FINISHED WRITING RESTART COORDINATES
The last position output (seq=7000) takes 0.046 seconds, 533.340 MB of memory in use
WRITING VELOCITIES TO RESTART FILE AT STEP 7000
FINISHED WRITING RESTART VELOCITIES
WRITING COORDINATES TO DCD FILE prod01.dcd AT STEP 8000
WRITING COORDINATES TO RESTART FILE AT STEP 8000
FINISHED WRITING RESTART COORDINATES
The last position output (seq=8000) takes 0.066 seconds, 533.340 MB of memory in use
WRITING VELOCITIES TO RESTART FILE AT STEP 8000
FINISHED WRITING RESTART VELOCITIES
PRESSURE: 8000 478.043 149.068 21.5255 149.068 -110.623 -454.394 21.5255 -454.394 591.875
GPRESSURE: 8000 417.893 140.29 -102.014 210.92 -65.6598 -336.716 3.23183 -552.732 694.464
PRESSAVG: 8000 -9.07495 57.7603 10.8789 57.7603 36.8818 21.9464 10.8789 21.9464 -10.3726
GPRESSAVG: 8000 -9.1535 57.6329 11.1503 58.1947 35.7838 23.1417 10.869 22.357 -9.42968
ENERGY:    8000      2900.6483     16586.1248     10146.6511       132.4955        -107970.7740     -1511.0012         0.0000         0.0000     35217.1441         -44498.7115       322.2371    -79715.8556    -44223.8607       322.1693            319.7653       348.8992    483711.8387         5.8114         5.7335

WRITING EXTENDED SYSTEM TO RESTART FILE AT STEP 8000
LDB: ============= START OF LOAD BALANCING ============== 58.3806
LDB: ============== END OF LOAD BALANCING =============== 58.3808
Info: useSync: 1 useProxySync: 0
LDB: =============== DONE WITH MIGRATION ================ 58.3814
LDB: ============= START OF LOAD BALANCING ============== 58.9421
LDB: Largest compute 658 load 0.058084 is 12.8% of average load 0.453597
LDB: Average compute 0.018834 is 4.2% of average load 0.453597
LDB: TIME 58.9441 LOAD: AVG 0.453597 MAX 0.501312  PROXIES: TOTAL 630 MAXPE 11 MAXPATCH 10 None MEM: 533.34 MB
LDB: TIME 58.9448 LOAD: AVG 0.453597 MAX 0.501312  PROXIES: TOTAL 1176 MAXPE 15 MAXPATCH 26 RefineTorusLB MEM: 533.34 MB
LDB: TIME 58.9464 LOAD: AVG 0.453597 MAX 0.486017  PROXIES: TOTAL 1175 MAXPE 15 MAXPATCH 26 RefineTorusLB MEM: 533.34 MB
LDB: ============== END OF LOAD BALANCING =============== 58.9625
Info: useSync: 1 useProxySync: 0
LDB: =============== DONE WITH MIGRATION ================ 58.9644
WRITING COORDINATES TO DCD FILE prod01.dcd AT STEP 9000
WRITING COORDINATES TO RESTART FILE AT STEP 9000
FINISHED WRITING RESTART COORDINATES
The last position output (seq=9000) takes 0.022 seconds, 533.340 MB of memory in use
WRITING VELOCITIES TO RESTART FILE AT STEP 9000
FINISHED WRITING RESTART VELOCITIES
PRESSURE: 9000 59.5403 101.869 -101.858 101.869 683.78 205.831 -101.858 205.831 -282.973
GPRESSURE: 9000 90.9584 -45.973 -49.7809 136.718 642.771 149.573 -107.473 66.7846 -244.447
PRESSAVG: 9000 -6.65142 27.4116 -14.6716 27.4116 47.0274 22.3193 -14.6716 22.3193 0.34931
GPRESSAVG: 9000 -5.6723 27.0111 -14.0265 27.8203 47.3723 22.1638 -15.3404 21.5851 0.0315008
ENERGY:    9000      2843.8293     16622.0024     10124.7433       127.8145        -107821.4612     -1560.7325         0.0000         0.0000     35413.0625         -44250.7415       324.0297    -79663.8040    -43956.3386       322.8426            153.4491       163.0943    485898.7653        13.5751        13.9105

WRITING EXTENDED SYSTEM TO RESTART FILE AT STEP 9000
WRITING COORDINATES TO DCD FILE prod01.dcd AT STEP 10000
WRITING COORDINATES TO RESTART FILE AT STEP 10000
FINISHED WRITING RESTART COORDINATES
The last position output (seq=10000) takes 0.035 seconds, 533.516 MB of memory in use
WRITING VELOCITIES TO RESTART FILE AT STEP 10000
FINISHED WRITING RESTART VELOCITIES
PRESSURE: 10000 397.723 -39.7841 54.773 -39.7841 -178.316 -139.547 54.773 -139.547 -647.194
GPRESSURE: 10000 443.696 125.091 171.128 -12.1398 -268.194 -34.3946 79.7816 -106.198 -534.159
PRESSAVG: 10000 22.3726 20.9196 15.0029 20.9196 21.4966 -17.4887 15.0029 -17.4887 -14.4158
GPRESSAVG: 10000 22.2105 20.5263 15.2822 20.6743 21.6188 -17.4546 15.1888 -16.9483 -15.4277
TIMING: 10000  CPU: 62.6685, 0.00623302/step  Wall: 62.6685, 0.00623302/step, 0 hours remaining, 533.515625 MB of memory in use.
ETITLE:      TS           BOND          ANGLE          DIHED          IMPRP               ELECT            VDW       BOUNDARY           MISC        KINETIC               TOTAL           TEMP      POTENTIAL         TOTAL3        TEMPAVG            PRESSURE      GPRESSURE         VOLUME       PRESSAVG      GPRESSAVG

ENERGY:   10000      2811.2432     16549.0726     10158.8926       120.8265        -107453.8111     -1629.7879         0.0000         0.0000     35690.3137         -43753.2504       326.5666    -79443.5641    -43476.1682       324.5820           -142.5957      -119.5523    483638.1620         9.8178         9.4672

WRITING EXTENDED SYSTEM TO RESTART FILE AT STEP 10000
WRITING EXTENDED SYSTEM TO OUTPUT FILE AT STEP 10000
CLOSING EXTENDED SYSTEM TRAJECTORY FILE
WRITING COORDINATES TO OUTPUT FILE AT STEP 10000
CLOSING COORDINATE DCD FILE prod01.dcd
WRITING VELOCITIES TO OUTPUT FILE AT STEP 10000
====================================================

WallClock: 69.083717  CPUTime: 69.083717  Memory: 533.960938 MB
[Partition 0][Node 0] End of program
